<?xml version="1.0" encoding="utf-8"?><testsuites name="pytest tests"><testsuite name="pytest" errors="0" failures="0" skipped="0" tests="25" time="9.665" timestamp="2026-06-02T05:36:07.737001+00:00" hostname="agent-env-096bc87f-a25e-4279-8f2f-682bf906ba61"><testcase classname="backend.tests.test_phase85_driver_location.TestUnassignedOrder" name="test_owner_gets_assigned_false" time="0.938" /><testcase classname="backend.tests.test_phase85_driver_location.TestAuthZMatrix" name="test_unauthenticated_401" time="0.139" /><testcase classname="backend.tests.test_phase85_driver_location.TestAuthZMatrix" name="test_other_customer_forbidden" time="0.527" /><testcase classname="backend.tests.test_phase85_driver_location.TestAuthZMatrix" name="test_admin_can_view" time="0.454" /><testcase classname="backend.tests.test_phase85_driver_location.TestAuthZMatrix" name="test_store_manager_can_view" time="0.474" /><testcase classname="backend.tests.test_phase85_driver_location.TestAuthZMatrix" name="test_404_for_unknown_order" time="0.100" /><testcase classname="backend.tests.test_phase85_driver_location.TestAssignedOrder" name="test_owner_gets_assigned_true_with_driver_info" time="0.246" /><testcase classname="backend.tests.test_phase85_driver_location.TestAssignedOrder" name="test_location_field_shape" time="0.114" /><testcase classname="backend.tests.test_phase85_driver_location.TestAssignedOrder" name="test_location_updates_when_rider_pings" time="0.582" /><testcase classname="backend.tests.test_phase85_extra_authz.TestRiderLocationPostAuthZ" name="test_unauthenticated_rejected" time="0.140" /><testcase classname="backend.tests.test_phase85_extra_authz.TestRiderLocationPostAuthZ" name="test_customer_cannot_post" time="0.426" /><testcase classname="backend.tests.test_phase85_extra_authz.TestRiderLocationPostAuthZ" name="test_admin_cannot_post_as_rider" time="0.432" /><testcase classname="backend.tests.test_phase85_extra_authz.TestRiderLocationPostAuthZ" name="test_rider_can_post" time="0.442" /><testcase classname="backend.tests.test_phase85_extra_authz.TestRiderCannotReadOthersOrderLocation" name="test_rider_role_cannot_read_customer_order" time="0.321" /><testcase classname="backend.tests.test_phase86_retest_iter17.TestBug1RequireSuperAdminStrict" name="test_admin_role_user_has_role_admin" time="0.966" /><testcase classname="backend.tests.test_phase86_retest_iter17.TestBug1RequireSuperAdminStrict" name="test_super_admin_still_200[/admin/audit-logs]" time="0.056" /><testcase classname="backend.tests.test_phase86_retest_iter17.TestBug1RequireSuperAdminStrict" name="test_super_admin_still_200[/admin/login-history]" time="0.055" /><testcase classname="backend.tests.test_phase86_retest_iter17.TestBug1RequireSuperAdminStrict" name="test_super_admin_still_200[/admin/security/summary]" time="0.055" /><testcase classname="backend.tests.test_phase86_retest_iter17.TestBug1RequireSuperAdminStrict" name="test_admin_role_403[/admin/audit-logs]" time="0.052" /><testcase classname="backend.tests.test_phase86_retest_iter17.TestBug1RequireSuperAdminStrict" name="test_admin_role_403[/admin/login-history]" time="0.052" /><testcase classname="backend.tests.test_phase86_retest_iter17.TestBug1RequireSuperAdminStrict" name="test_admin_role_403[/admin/security/summary]" time="0.052" /><testcase classname="backend.tests.test_phase86_retest_iter17.TestBug2FailedLoginAudit" name="test_bad_password_writes_audit_failure" time="0.937" /><testcase classname="backend.tests.test_phase86_retest_iter17.TestBug2FailedLoginAudit" name="test_not_found_email_writes_audit_failure" time="0.705" /><testcase classname="backend.tests.test_phase86_retest_iter17.TestBug3RoleChangeAuditAndGate" name="test_role_change_writes_audit_with_prev_and_new" time="0.976" /><testcase classname="backend.tests.test_phase86_retest_iter17.TestBug3RoleChangeAuditAndGate" name="test_admin_role_caller_403_on_role_change" time="0.331" /></testsuite></testsuites>