<?xml version="1.0" encoding="utf-8"?><testsuites name="pytest tests"><testsuite name="pytest" errors="0" failures="0" skipped="0" tests="11" time="4.528" timestamp="2026-06-02T05:31:07.034909+00:00" hostname="agent-env-096bc87f-a25e-4279-8f2f-682bf906ba61"><testcase classname="tests.test_phase86_retest_iter17.TestBug1RequireSuperAdminStrict" name="test_admin_role_user_has_role_admin" time="1.133" /><testcase classname="tests.test_phase86_retest_iter17.TestBug1RequireSuperAdminStrict" name="test_super_admin_still_200[/admin/audit-logs]" time="0.055" /><testcase classname="tests.test_phase86_retest_iter17.TestBug1RequireSuperAdminStrict" name="test_super_admin_still_200[/admin/login-history]" time="0.054" /><testcase classname="tests.test_phase86_retest_iter17.TestBug1RequireSuperAdminStrict" name="test_super_admin_still_200[/admin/security/summary]" time="0.057" /><testcase classname="tests.test_phase86_retest_iter17.TestBug1RequireSuperAdminStrict" name="test_admin_role_403[/admin/audit-logs]" time="0.054" /><testcase classname="tests.test_phase86_retest_iter17.TestBug1RequireSuperAdminStrict" name="test_admin_role_403[/admin/login-history]" time="0.052" /><testcase classname="tests.test_phase86_retest_iter17.TestBug1RequireSuperAdminStrict" name="test_admin_role_403[/admin/security/summary]" time="0.053" /><testcase classname="tests.test_phase86_retest_iter17.TestBug2FailedLoginAudit" name="test_bad_password_writes_audit_failure" time="0.954" /><testcase classname="tests.test_phase86_retest_iter17.TestBug2FailedLoginAudit" name="test_not_found_email_writes_audit_failure" time="0.710" /><testcase classname="tests.test_phase86_retest_iter17.TestBug3RoleChangeAuditAndGate" name="test_role_change_writes_audit_with_prev_and_new" time="0.995" /><testcase classname="tests.test_phase86_retest_iter17.TestBug3RoleChangeAuditAndGate" name="test_admin_role_caller_403_on_role_change" time="0.337" /></testsuite></testsuites>