<?xml version="1.0" encoding="utf-8"?><testsuites name="pytest tests"><testsuite name="pytest" errors="0" failures="0" skipped="0" tests="14" time="3.844" timestamp="2026-06-01T22:32:42.994078+00:00" hostname="agent-env-096bc87f-a25e-4279-8f2f-682bf906ba61"><testcase classname="backend.tests.test_phase83_rider.TestAuthAndProfile" name="test_rider_login_returns_role_and_token" time="0.483" /><testcase classname="backend.tests.test_phase83_rider.TestAuthAndProfile" name="test_rider_me" time="0.480" /><testcase classname="backend.tests.test_phase83_rider.TestRiderOrdersAndEarnings" name="test_rider_orders_list" time="0.126" /><testcase classname="backend.tests.test_phase83_rider.TestRiderOrdersAndEarnings" name="test_rider_earnings_shape" time="0.158" /><testcase classname="backend.tests.test_phase83_rider.TestRiderOnlineLocation" name="test_set_online_true" time="0.229" /><testcase classname="backend.tests.test_phase83_rider.TestRiderOnlineLocation" name="test_set_online_false" time="0.238" /><testcase classname="backend.tests.test_phase83_rider.TestRiderOnlineLocation" name="test_location_ping_and_customer_visibility" time="0.583" /><testcase classname="backend.tests.test_phase83_rider.TestRiderStatusFlow" name="test_mark_out_for_delivery" time="0.115" /><testcase classname="backend.tests.test_phase83_rider.TestRiderStatusFlow" name="test_mark_delivered_and_earnings_increment" time="0.417" /><testcase classname="backend.tests.test_phase83_rider.TestRiderStatusFlow" name="test_invalid_status_rejected" time="0.115" /><testcase classname="backend.tests.test_phase83_rider.TestRBAC" name="test_customer_cannot_access_rider_me" time="0.106" /><testcase classname="backend.tests.test_phase83_rider.TestRBAC" name="test_admin_cannot_access_rider_me" time="0.495" /><testcase classname="backend.tests.test_phase83_rider.TestRBAC" name="test_admin_list_drivers_contains_rider" time="0.104" /><testcase classname="backend.tests.test_phase83_rider.TestRBAC" name="test_unauth_rider_me" time="0.101" /></testsuite></testsuites>