<?xml version="1.0" encoding="utf-8"?><testsuites name="pytest tests"><testsuite name="pytest" errors="0" failures="0" skipped="0" tests="18" time="4.183" timestamp="2026-06-01T23:06:08.956689+00:00" hostname="agent-env-096bc87f-a25e-4279-8f2f-682bf906ba61"><testcase classname="tests.test_phase84_store_manager.TestLoginRoles" name="test_manager_role" time="0.438" /><testcase classname="tests.test_phase84_store_manager.TestLoginRoles" name="test_customer_role" time="0.476" /><testcase classname="tests.test_phase84_store_manager.TestLoginRoles" name="test_admin_role" time="0.526" /><testcase classname="tests.test_phase84_store_manager.TestLoginRoles" name="test_rider_role" time="0.483" /><testcase classname="tests.test_phase84_store_manager.TestRBAC" name="test_dashboard_no_token_returns_401" time="0.162" /><testcase classname="tests.test_phase84_store_manager.TestRBAC" name="test_dashboard_customer_returns_403" time="0.099" /><testcase classname="tests.test_phase84_store_manager.TestRBAC" name="test_dashboard_rider_returns_403" time="0.101" /><testcase classname="tests.test_phase84_store_manager.TestRBAC" name="test_orders_no_token_returns_401" time="0.156" /><testcase classname="tests.test_phase84_store_manager.TestRBAC" name="test_orders_customer_returns_403" time="0.152" /><testcase classname="tests.test_phase84_store_manager.TestStoreMe" name="test_me_returns_manager_and_store" time="0.139" /><testcase classname="tests.test_phase84_store_manager.TestDashboard" name="test_dashboard_shape" time="0.107" /><testcase classname="tests.test_phase84_store_manager.TestOrders" name="test_list_orders_returns_list" time="0.163" /><testcase classname="tests.test_phase84_store_manager.TestOrders" name="test_list_orders_status_filter" time="0.114" /><testcase classname="tests.test_phase84_store_manager.TestOrders" name="test_get_unknown_order_returns_404" time="0.104" /><testcase classname="tests.test_phase84_store_manager.TestDrivers" name="test_list_drivers" time="0.106" /><testcase classname="tests.test_phase84_store_manager.TestProducts" name="test_list_products" time="0.102" /><testcase classname="tests.test_phase84_store_manager.TestProducts" name="test_list_products_low_stock" time="0.096" /><testcase classname="tests.test_phase84_store_manager.TestAssignRider" name="test_assign_rider_flow" time="0.563" /></testsuite></testsuites>