<?xml version="1.0" encoding="utf-8"?><testsuites name="pytest tests"><testsuite name="pytest" errors="0" failures="0" skipped="0" tests="16" time="4.458" timestamp="2026-06-03T06:20:33.374956+00:00" hostname="agent-env-9d03e892-3cbb-493d-b3cf-af4632c41a95"><testcase classname="backend.tests.test_phase9_chat_otp.TestChatEndpoints" name="test_customer_get_empty_chat" time="1.276" /><testcase classname="backend.tests.test_phase9_chat_otp.TestChatEndpoints" name="test_admin_send_message" time="0.161" /><testcase classname="backend.tests.test_phase9_chat_otp.TestChatEndpoints" name="test_customer_send_message" time="0.115" /><testcase classname="backend.tests.test_phase9_chat_otp.TestChatEndpoints" name="test_get_chat_returns_messages" time="0.103" /><testcase classname="backend.tests.test_phase9_chat_otp.TestChatEndpoints" name="test_admin_can_get_any_order_chat" time="0.148" /><testcase classname="backend.tests.test_phase9_chat_otp.TestChatEndpoints" name="test_other_user_cannot_get_chat" time="0.427" /><testcase classname="backend.tests.test_phase9_chat_otp.TestChatEndpoints" name="test_other_user_cannot_post_chat" time="0.102" /><testcase classname="backend.tests.test_phase9_chat_otp.TestChatEndpoints" name="test_empty_content_rejected" time="0.100" /><testcase classname="backend.tests.test_phase9_chat_otp.TestDeliveryOTP" name="test_advance_to_accepted" time="0.352" /><testcase classname="backend.tests.test_phase9_chat_otp.TestDeliveryOTP" name="test_advance_to_out_for_delivery_generates_otp" time="0.131" /><testcase classname="backend.tests.test_phase9_chat_otp.TestDeliveryOTP" name="test_customer_can_see_otp" time="0.101" /><testcase classname="backend.tests.test_phase9_chat_otp.TestDeliveryOTP" name="test_deliver_without_otp_returns_400" time="0.106" /><testcase classname="backend.tests.test_phase9_chat_otp.TestDeliveryOTP" name="test_deliver_with_wrong_otp_returns_400" time="0.247" /><testcase classname="backend.tests.test_phase9_chat_otp.TestDeliveryOTP" name="test_deliver_with_correct_otp_succeeds" time="0.327" /><testcase classname="backend.tests.test_phase9_chat_otp.TestChatBlockedForClosedOrders" name="test_chat_blocked_for_delivered_order" time="0.227" /><testcase classname="backend.tests.test_phase9_chat_otp.TestChatBlockedForClosedOrders" name="test_chat_blocked_for_cancelled_order" time="0.432" /></testsuite></testsuites>