<?xml version="1.0" encoding="utf-8"?><testsuites name="pytest tests"><testsuite name="pytest" errors="0" failures="0" skipped="0" tests="7" time="1.209" timestamp="2026-06-01T22:25:51.202209+00:00" hostname="agent-env-096bc87f-a25e-4279-8f2f-682bf906ba61"><testcase classname="tests.test_admin_drivers.TestAuthGating" name="test_drivers_list_requires_auth" time="0.285" /><testcase classname="tests.test_admin_drivers.TestDriversList" name="test_list_drivers_ok" time="0.333" /><testcase classname="tests.test_admin_drivers.TestCreateDriver" name="test_create_driver" time="0.278" /><testcase classname="tests.test_admin_drivers.TestCreateDriver" name="test_created_driver_in_list" time="0.051" /><testcase classname="tests.test_admin_drivers.TestCreateDriver" name="test_get_driver_detail" time="0.055" /><testcase classname="tests.test_admin_drivers.TestCreateDriver" name="test_duplicate_email_rejected" time="0.049" /><testcase classname="tests.test_admin_drivers.TestCreateDriver" name="test_cleanup_delete_driver" time="0.049" /></testsuite></testsuites>