<?xml version="1.0" encoding="utf-8"?><testsuites name="pytest tests"><testsuite name="pytest" errors="0" failures="0" skipped="0" tests="19" time="3.408" timestamp="2026-06-01T20:19:59.888552+00:00" hostname="agent-env-096bc87f-a25e-4279-8f2f-682bf906ba61"><testcase classname="tests.test_phase34_wallet_payments_invoice.TestAuthBaseline" name="test_customer_login" time="0.543" /><testcase classname="tests.test_phase34_wallet_payments_invoice.TestPaymentsConfig" name="test_config_reports_mock_mode" time="0.073" /><testcase classname="tests.test_phase34_wallet_payments_invoice.TestWalletBaseline" name="test_get_wallet_returns_shape" time="0.335" /><testcase classname="tests.test_phase34_wallet_payments_invoice.TestWalletBaseline" name="test_wallet_requires_auth" time="0.054" /><testcase classname="tests.test_phase34_wallet_payments_invoice.TestWalletTopupViaRazorpayMock" name="test_step_1_create_order_in_mock_mode" time="0.056" /><testcase classname="tests.test_phase34_wallet_payments_invoice.TestWalletTopupViaRazorpayMock" name="test_step_2_verify_credits_wallet" time="0.122" /><testcase classname="tests.test_phase34_wallet_payments_invoice.TestWalletTopupViaRazorpayMock" name="test_step_3_balance_and_txn_persisted" time="0.060" /><testcase classname="tests.test_phase34_wallet_payments_invoice.TestWalletTopupViaRazorpayMock" name="test_step_4_verify_is_idempotent" time="0.137" /><testcase classname="tests.test_phase34_wallet_payments_invoice.TestOrdersWithPayments" name="test_place_order_wallet_partial" time="0.226" /><testcase classname="tests.test_phase34_wallet_payments_invoice.TestOrdersWithPayments" name="test_place_order_razorpay_mock_paid" time="0.307" /><testcase classname="tests.test_phase34_wallet_payments_invoice.TestOrdersWithPayments" name="test_place_order_cod" time="0.118" /><testcase classname="tests.test_phase34_wallet_payments_invoice.TestOrderDetailAndInvoice" name="test_list_orders_contains_created" time="0.070" /><testcase classname="tests.test_phase34_wallet_payments_invoice.TestOrderDetailAndInvoice" name="test_order_detail_returns_full_doc" time="0.053" /><testcase classname="tests.test_phase34_wallet_payments_invoice.TestOrderDetailAndInvoice" name="test_invoice_schema" time="0.052" /><testcase classname="tests.test_phase34_wallet_payments_invoice.TestOrderDetailAndInvoice" name="test_invoice_unauth_401" time="0.051" /><testcase classname="tests.test_phase34_wallet_payments_invoice.TestOrderDetailAndInvoice" name="test_invoice_other_user_403" time="0.349" /><testcase classname="tests.test_phase34_wallet_payments_invoice.TestOrderDetailAndInvoice" name="test_invoice_admin_can_read" time="0.331" /><testcase classname="tests.test_phase34_wallet_payments_invoice.TestAdminCancelRefund" name="test_admin_cancel_wallet_paid_order_credits_refund" time="0.222" /><testcase classname="tests.test_phase34_wallet_payments_invoice.TestAdminCancelRefund" name="test_admin_cannot_be_invoked_by_customer" time="0.051" /></testsuite></testsuites>