<?xml version="1.0" encoding="utf-8"?><testsuites name="pytest tests"><testsuite name="pytest" errors="0" failures="3" skipped="2" tests="29" time="9.416" timestamp="2026-06-02T05:27:20.415405+00:00" hostname="agent-env-096bc87f-a25e-4279-8f2f-682bf906ba61"><testcase classname="backend.tests.test_phase86_security_hardening.TestAuthAuditWrites" name="test_register_writes_audit_log" time="1.212" /><testcase classname="backend.tests.test_phase86_security_hardening.TestAuthAuditWrites" name="test_login_success_writes_audit_and_history" time="0.866" /><testcase classname="backend.tests.test_phase86_security_hardening.TestAuthAuditWrites" name="test_login_failure_writes_audit_failure_and_history_false" time="0.860"><skipped type="pytest.skip" message="auth.login failure not written to audit_logs (only login_history). Reported.">/app/backend/tests/test_phase86_security_hardening.py:167: auth.login failure not written to audit_logs (only login_history). Reported.</skipped></testcase><testcase classname="backend.tests.test_phase86_security_hardening.TestAuthAuditWrites" name="test_logout_writes_audit" time="0.864" /><testcase classname="backend.tests.test_phase86_security_hardening.TestBruteForceLockout" name="test_five_failures_then_429_and_correct_password_blocked" time="1.705" /><testcase classname="backend.tests.test_phase86_security_hardening.TestRoleChangeAudit" name="test_role_change_writes_audit" time="0.864"><skipped type="pytest.skip" message="role.change audit_log not written by /admin/users/{id}/role. Reported.">/app/backend/tests/test_phase86_security_hardening.py:254: role.change audit_log not written by /admin/users/{id}/role. Reported.</skipped></testcase><testcase classname="backend.tests.test_phase86_security_hardening.TestAuthZMatrix" name="test_super_admin_200[/admin/audit-logs]" time="0.049" /><testcase classname="backend.tests.test_phase86_security_hardening.TestAuthZMatrix" name="test_super_admin_200[/admin/login-history]" time="0.048" /><testcase classname="backend.tests.test_phase86_security_hardening.TestAuthZMatrix" name="test_super_admin_200[/admin/security/summary]" time="0.049" /><testcase classname="backend.tests.test_phase86_security_hardening.TestAuthZMatrix" name="test_unauthenticated_401[/admin/audit-logs]" time="0.045" /><testcase classname="backend.tests.test_phase86_security_hardening.TestAuthZMatrix" name="test_unauthenticated_401[/admin/login-history]" time="0.044" /><testcase classname="backend.tests.test_phase86_security_hardening.TestAuthZMatrix" name="test_unauthenticated_401[/admin/security/summary]" time="0.046" /><testcase classname="backend.tests.test_phase86_security_hardening.TestAuthZMatrix" name="test_customer_403[/admin/audit-logs]" time="0.319" /><testcase classname="backend.tests.test_phase86_security_hardening.TestAuthZMatrix" name="test_customer_403[/admin/login-history]" time="0.047" /><testcase classname="backend.tests.test_phase86_security_hardening.TestAuthZMatrix" name="test_customer_403[/admin/security/summary]" time="0.047" /><testcase classname="backend.tests.test_phase86_security_hardening.TestAuthZMatrix" name="test_rider_403[/admin/audit-logs]" time="0.320" /><testcase classname="backend.tests.test_phase86_security_hardening.TestAuthZMatrix" name="test_rider_403[/admin/login-history]" time="0.046" /><testcase classname="backend.tests.test_phase86_security_hardening.TestAuthZMatrix" name="test_rider_403[/admin/security/summary]" time="0.046" /><testcase classname="backend.tests.test_phase86_security_hardening.TestAuthZMatrix" name="test_store_manager_403[/admin/audit-logs]" time="0.318" /><testcase classname="backend.tests.test_phase86_security_hardening.TestAuthZMatrix" name="test_store_manager_403[/admin/login-history]" time="0.046" /><testcase classname="backend.tests.test_phase86_security_hardening.TestAuthZMatrix" name="test_store_manager_403[/admin/security/summary]" time="0.049" /><testcase classname="backend.tests.test_phase86_security_hardening.TestAuthZMatrix" name="test_admin_role_403[/admin/audit-logs]" time="0.635"><failure message="AssertionError: /admin/audit-logs expected 403 for role=admin, got 200 (security.py._effective_role aliases 'admin' -&gt; 'super_admin')&#10;assert 200 == 403&#10; +  where 200 = &lt;Response [200]&gt;.status_code">backend/tests/test_phase86_security_hardening.py:329: in test_admin_role_403
    assert r.status_code == 403, \
E   AssertionError: /admin/audit-logs expected 403 for role=admin, got 200 (security.py._effective_role aliases 'admin' -&gt; 'super_admin')
E   assert 200 == 403
E    +  where 200 = &lt;Response [200]&gt;.status_code</failure></testcase><testcase classname="backend.tests.test_phase86_security_hardening.TestAuthZMatrix" name="test_admin_role_403[/admin/login-history]" time="0.047"><failure message="AssertionError: /admin/login-history expected 403 for role=admin, got 200 (security.py._effective_role aliases 'admin' -&gt; 'super_admin')&#10;assert 200 == 403&#10; +  where 200 = &lt;Response [200]&gt;.status_code">backend/tests/test_phase86_security_hardening.py:329: in test_admin_role_403
    assert r.status_code == 403, \
E   AssertionError: /admin/login-history expected 403 for role=admin, got 200 (security.py._effective_role aliases 'admin' -&gt; 'super_admin')
E   assert 200 == 403
E    +  where 200 = &lt;Response [200]&gt;.status_code</failure></testcase><testcase classname="backend.tests.test_phase86_security_hardening.TestAuthZMatrix" name="test_admin_role_403[/admin/security/summary]" time="0.049"><failure message="AssertionError: /admin/security/summary expected 403 for role=admin, got 200 (security.py._effective_role aliases 'admin' -&gt; 'super_admin')&#10;assert 200 == 403&#10; +  where 200 = &lt;Response [200]&gt;.status_code">backend/tests/test_phase86_security_hardening.py:329: in test_admin_role_403
    assert r.status_code == 403, \
E   AssertionError: /admin/security/summary expected 403 for role=admin, got 200 (security.py._effective_role aliases 'admin' -&gt; 'super_admin')
E   assert 200 == 403
E    +  where 200 = &lt;Response [200]&gt;.status_code</failure></testcase><testcase classname="backend.tests.test_phase86_security_hardening.TestViewerEndpointsShape" name="test_audit_logs_pagination_keys" time="0.050" /><testcase classname="backend.tests.test_phase86_security_hardening.TestViewerEndpointsShape" name="test_audit_logs_filter_by_action" time="0.049" /><testcase classname="backend.tests.test_phase86_security_hardening.TestViewerEndpointsShape" name="test_login_history_filter_success_false" time="0.047" /><testcase classname="backend.tests.test_phase86_security_hardening.TestViewerEndpointsShape" name="test_security_summary_keys" time="0.047" /><testcase classname="backend.tests.test_phase86_security_hardening.TestPhase85DriverLocationSmoke" name="test_owner_gets_assigned_flag_other_customer_403" time="0.465" /></testsuite></testsuites>