<?xml version="1.0" encoding="utf-8"?><testsuites name="pytest tests"><testsuite name="pytest" errors="0" failures="0" skipped="0" tests="18" time="2.308" timestamp="2026-06-03T06:45:52.366167+00:00" hostname="agent-env-9d03e892-3cbb-493d-b3cf-af4632c41a95"><testcase classname="backend.tests.test_phase_assign_rider.TestApprovedDriverList" name="test_approved_drivers_returns_200" time="0.554" /><testcase classname="backend.tests.test_phase_assign_rider.TestApprovedDriverList" name="test_approved_drivers_is_list" time="0.049" /><testcase classname="backend.tests.test_phase_assign_rider.TestApprovedDriverList" name="test_at_least_one_approved_driver_exists" time="0.048" /><testcase classname="backend.tests.test_phase_assign_rider.TestApprovedDriverList" name="test_all_returned_drivers_are_approved" time="0.048" /><testcase classname="backend.tests.test_phase_assign_rider.TestApprovedDriverList" name="test_driver_modal_fields_present" time="0.051" /><testcase classname="backend.tests.test_phase_assign_rider.TestApprovedDriverList" name="test_no_sensitive_fields_leaked" time="0.048" /><testcase classname="backend.tests.test_phase_assign_rider.TestApprovedDriverList" name="test_approved_list_requires_auth" time="0.050" /><testcase classname="backend.tests.test_phase_assign_rider.TestAssignRider" name="test_assign_nonexistent_driver_returns_404" time="0.460" /><testcase classname="backend.tests.test_phase_assign_rider.TestAssignRider" name="test_assign_unapproved_driver_returns_400" time="0.419" /><testcase classname="backend.tests.test_phase_assign_rider.TestAssignRider" name="test_assign_valid_driver_returns_200" time="0.097" /><testcase classname="backend.tests.test_phase_assign_rider.TestAssignRider" name="test_assign_advances_to_out_for_delivery" time="0.050" /><testcase classname="backend.tests.test_phase_assign_rider.TestAssignRider" name="test_assign_sets_driver_name" time="0.048" /><testcase classname="backend.tests.test_phase_assign_rider.TestAssignRider" name="test_assign_sets_driver_phone" time="0.049" /><testcase classname="backend.tests.test_phase_assign_rider.TestAssignRider" name="test_assign_sets_driver_vehicle" time="0.048" /><testcase classname="backend.tests.test_phase_assign_rider.TestAssignRider" name="test_assign_generates_delivery_otp" time="0.052" /><testcase classname="backend.tests.test_phase_assign_rider.TestAssignRider" name="test_assign_returns_full_order_doc" time="0.049" /><testcase classname="backend.tests.test_phase_assign_rider.TestAssignRider" name="test_assign_nonexistent_order_returns_404" time="0.047" /><testcase classname="backend.tests.test_phase_assign_rider.TestAssignRider" name="test_assign_requires_auth" time="0.045" /></testsuite></testsuites>