<?xml version="1.0" encoding="utf-8"?><testsuites name="pytest tests"><testsuite name="pytest" errors="0" failures="0" skipped="0" tests="17" time="1.721" timestamp="2026-06-03T05:30:07.262713+00:00" hostname="agent-env-9d03e892-3cbb-493d-b3cf-af4632c41a95"><testcase classname="backend.tests.test_phase_profit_orders.TestAdminDashboardProfit" name="test_dashboard_returns_200" time="0.610" /><testcase classname="backend.tests.test_phase_profit_orders.TestAdminDashboardProfit" name="test_dashboard_has_profit_object" time="0.075" /><testcase classname="backend.tests.test_phase_profit_orders.TestAdminDashboardProfit" name="test_profit_has_required_fields" time="0.079" /><testcase classname="backend.tests.test_phase_profit_orders.TestAdminDashboardProfit" name="test_dashboard_has_top_profitable" time="0.088" /><testcase classname="backend.tests.test_phase_profit_orders.TestAdminDashboardProfit" name="test_dashboard_has_profit_categories" time="0.065" /><testcase classname="backend.tests.test_phase_profit_orders.TestAdminDashboardProfit" name="test_top_profitable_item_structure" time="0.068" /><testcase classname="backend.tests.test_phase_profit_orders.TestAdminDashboardProfit" name="test_profit_categories_item_structure" time="0.055" /><testcase classname="backend.tests.test_phase_profit_orders.TestAdminDashboardProfit" name="test_dashboard_not_accessible_without_auth" time="0.045" /><testcase classname="backend.tests.test_phase_profit_orders.TestOrderPriceSnapshot" name="test_order_created_successfully" time="0.371" /><testcase classname="backend.tests.test_phase_profit_orders.TestOrderPriceSnapshot" name="test_order_items_have_selling_price_field" time="0.000" /><testcase classname="backend.tests.test_phase_profit_orders.TestOrderPriceSnapshot" name="test_order_items_have_self_price_field" time="0.000" /><testcase classname="backend.tests.test_phase_profit_orders.TestOrderPriceSnapshot" name="test_order_items_have_mrp_field" time="0.000" /><testcase classname="backend.tests.test_phase_profit_orders.TestOrderPriceSnapshot" name="test_order_item_selling_price_matches_product" time="0.000" /><testcase classname="backend.tests.test_phase_profit_orders.TestOrderPriceSnapshot" name="test_order_item_self_price_matches_product" time="0.000" /><testcase classname="backend.tests.test_phase_profit_orders.TestOrderPriceSnapshot" name="test_order_item_mrp_matches_product" time="0.000" /><testcase classname="backend.tests.test_phase_profit_orders.TestAdminOrdersListPriceFields" name="test_admin_orders_list_returns_200" time="0.055" /><testcase classname="backend.tests.test_phase_profit_orders.TestAdminOrdersListPriceFields" name="test_admin_orders_items_have_price_snapshot_fields" time="0.054" /></testsuite></testsuites>