<?xml version="1.0" encoding="utf-8"?><testsuites name="pytest tests"><testsuite name="pytest" errors="0" failures="0" skipped="0" tests="17" time="3.988" timestamp="2026-06-01T22:36:36.876492+00:00" hostname="agent-env-096bc87f-a25e-4279-8f2f-682bf906ba61"><testcase classname="tests.test_phase83_rider.TestAuthAndProfile" name="test_rider_login_returns_role_and_token" time="0.359" /><testcase classname="tests.test_phase83_rider.TestAuthAndProfile" name="test_rider_me" time="0.430" /><testcase classname="tests.test_phase83_rider.TestRiderOrdersAndEarnings" name="test_rider_orders_list" time="0.116" /><testcase classname="tests.test_phase83_rider.TestRiderOrdersAndEarnings" name="test_rider_earnings_shape" time="0.153" /><testcase classname="tests.test_phase83_rider.TestRiderOnlineLocation" name="test_set_online_true" time="0.247" /><testcase classname="tests.test_phase83_rider.TestRiderOnlineLocation" name="test_set_online_false" time="0.266" /><testcase classname="tests.test_phase83_rider.TestRiderOnlineLocation" name="test_location_ping_and_customer_visibility" time="0.595" /><testcase classname="tests.test_phase83_rider.TestRiderStatusFlow" name="test_mark_out_for_delivery" time="0.114" /><testcase classname="tests.test_phase83_rider.TestRiderStatusFlow" name="test_mark_delivered_and_earnings_increment" time="0.359" /><testcase classname="tests.test_phase83_rider.TestRiderStatusFlow" name="test_invalid_status_rejected" time="0.106" /><testcase classname="tests.test_phase83_rider.TestRBAC" name="test_customer_cannot_access_rider_me" time="0.109" /><testcase classname="tests.test_phase83_rider.TestRBAC" name="test_admin_cannot_access_rider_me" time="0.476" /><testcase classname="tests.test_phase83_rider.TestRBAC" name="test_admin_list_drivers_contains_rider" time="0.117" /><testcase classname="tests.test_phase83_rider.TestRBAC" name="test_unauth_rider_me" time="0.104" /><testcase classname="tests.test_phase83_rider.TestRBAC" name="test_rider_cannot_access_admin_drivers" time="0.113" /><testcase classname="tests.test_phase83_rider.TestRBAC" name="test_rider_cannot_access_admin_orders" time="0.109" /><testcase classname="tests.test_phase83_rider.TestRBAC" name="test_rider_cannot_create_store" time="0.125" /></testsuite></testsuites>