<?xml version="1.0" encoding="utf-8"?><testsuites name="pytest tests"><testsuite name="pytest" errors="0" failures="0" skipped="0" tests="9" time="3.652" timestamp="2026-06-01T23:20:17.215327+00:00" hostname="agent-env-096bc87f-a25e-4279-8f2f-682bf906ba61"><testcase classname="backend.tests.test_phase85_driver_location.TestUnassignedOrder" name="test_owner_gets_assigned_false" time="0.960" /><testcase classname="backend.tests.test_phase85_driver_location.TestAuthZMatrix" name="test_unauthenticated_401" time="0.105" /><testcase classname="backend.tests.test_phase85_driver_location.TestAuthZMatrix" name="test_other_customer_forbidden" time="0.482" /><testcase classname="backend.tests.test_phase85_driver_location.TestAuthZMatrix" name="test_admin_can_view" time="0.439" /><testcase classname="backend.tests.test_phase85_driver_location.TestAuthZMatrix" name="test_store_manager_can_view" time="0.473" /><testcase classname="backend.tests.test_phase85_driver_location.TestAuthZMatrix" name="test_404_for_unknown_order" time="0.115" /><testcase classname="backend.tests.test_phase85_driver_location.TestAssignedOrder" name="test_owner_gets_assigned_true_with_driver_info" time="0.244" /><testcase classname="backend.tests.test_phase85_driver_location.TestAssignedOrder" name="test_location_field_shape" time="0.108" /><testcase classname="backend.tests.test_phase85_driver_location.TestAssignedOrder" name="test_location_updates_when_rider_pings" time="0.636" /></testsuite></testsuites>