<?xml version="1.0" encoding="utf-8"?><testsuites name="pytest tests"><testsuite name="pytest" errors="0" failures="1" skipped="0" tests="22" time="9.202" timestamp="2026-06-01T21:08:58.701681+00:00" hostname="agent-env-096bc87f-a25e-4279-8f2f-682bf906ba61"><testcase classname="backend.tests.test_phase5_support_admin.TestSupportChat" name="test_chat_creates_ticket_and_returns_reply" time="4.170" /><testcase classname="backend.tests.test_phase5_support_admin.TestSupportChat" name="test_chat_continues_existing_ticket" time="1.201" /><testcase classname="backend.tests.test_phase5_support_admin.TestSupportChat" name="test_list_tickets" time="0.157" /><testcase classname="backend.tests.test_phase5_support_admin.TestSupportChat" name="test_get_ticket_with_messages" time="0.158" /><testcase classname="backend.tests.test_phase5_support_admin.TestSupportChat" name="test_get_ticket_unauthorized_other_user" time="0.488" /><testcase classname="backend.tests.test_phase5_support_admin.TestSupportChat" name="test_chat_requires_auth" time="0.152" /><testcase classname="backend.tests.test_phase5_support_admin.TestAdminTickets" name="test_admin_list_tickets" time="0.151" /><testcase classname="backend.tests.test_phase5_support_admin.TestAdminTickets" name="test_admin_list_tickets_requires_admin" time="0.113" /><testcase classname="backend.tests.test_phase5_support_admin.TestAdminTickets" name="test_admin_get_ticket_detail" time="0.117" /><testcase classname="backend.tests.test_phase5_support_admin.TestAdminTickets" name="test_admin_reply_to_ticket" time="0.292" /><testcase classname="backend.tests.test_phase5_support_admin.TestAdminTickets" name="test_admin_update_ticket_status" time="0.214" /><testcase classname="backend.tests.test_phase5_support_admin.TestAdminDashboard" name="test_dashboard_payload" time="0.206" /><testcase classname="backend.tests.test_phase5_support_admin.TestAdminDashboard" name="test_dashboard_requires_admin" time="0.118" /><testcase classname="backend.tests.test_phase5_support_admin.TestAdminUsers" name="test_list_users" time="0.149" /><testcase classname="backend.tests.test_phase5_support_admin.TestAdminUsers" name="test_search_users_by_email" time="0.115" /><testcase classname="backend.tests.test_phase5_support_admin.TestAdminUsers" name="test_role_change_round_trip" time="0.434" /><testcase classname="backend.tests.test_phase5_support_admin.TestAdminWallet" name="test_list_wallet_txns" time="0.117" /><testcase classname="backend.tests.test_phase5_support_admin.TestAdminWallet" name="test_credit_then_debit_demo" time="0.218"><failure message="AssertionError: Expected +10 got 2510.0&#10;assert 2510.0 == 10.0&#10; +  where 2510.0 = round((2510.0 - 0), 2)">backend/tests/test_phase5_support_admin.py:234: in test_credit_then_debit_demo
    assert round(new_bal - initial, 2) == 10.0, f"Expected +10 got {new_bal - initial}"
E   AssertionError: Expected +10 got 2510.0
E   assert 2510.0 == 10.0
E    +  where 2510.0 = round((2510.0 - 0), 2)</failure></testcase><testcase classname="backend.tests.test_phase5_support_admin.TestAdminWallet" name="test_adjust_requires_admin" time="0.107" /><testcase classname="backend.tests.test_phase5_support_admin.TestRegression" name="test_products_list" time="0.106" /><testcase classname="backend.tests.test_phase5_support_admin.TestRegression" name="test_categories_list" time="0.164" /><testcase classname="backend.tests.test_phase5_support_admin.TestRegression" name="test_orders_list" time="0.117" /></testsuite></testsuites>