<?xml version="1.0" encoding="utf-8"?><testsuites name="pytest tests"><testsuite name="pytest" errors="0" failures="0" skipped="0" tests="26" time="3.857" timestamp="2026-06-01T00:55:34.459210+00:00" hostname="agent-env-096bc87f-a25e-4279-8f2f-682bf906ba61"><testcase classname="backend.tests.test_dwaarit_api.TestHealth" name="test_health" time="0.294" /><testcase classname="backend.tests.test_dwaarit_api.TestHealth" name="test_root" time="0.060" /><testcase classname="backend.tests.test_dwaarit_api.TestAuth" name="test_signup_creates_customer" time="0.324" /><testcase classname="backend.tests.test_dwaarit_api.TestAuth" name="test_signup_duplicate_email" time="0.051" /><testcase classname="backend.tests.test_dwaarit_api.TestAuth" name="test_login_admin_role" time="0.273" /><testcase classname="backend.tests.test_dwaarit_api.TestAuth" name="test_login_customer_role" time="0.275" /><testcase classname="backend.tests.test_dwaarit_api.TestAuth" name="test_login_wrong_password" time="0.269" /><testcase classname="backend.tests.test_dwaarit_api.TestAuth" name="test_me_requires_token" time="0.049" /><testcase classname="backend.tests.test_dwaarit_api.TestProducts" name="test_list_products_public" time="0.051" /><testcase classname="backend.tests.test_dwaarit_api.TestProducts" name="test_list_categories" time="0.067" /><testcase classname="backend.tests.test_dwaarit_api.TestProducts" name="test_filter_by_category" time="0.049" /><testcase classname="backend.tests.test_dwaarit_api.TestProducts" name="test_search_query" time="0.047" /><testcase classname="backend.tests.test_dwaarit_api.TestProducts" name="test_get_product_by_id" time="0.099" /><testcase classname="backend.tests.test_dwaarit_api.TestProducts" name="test_get_product_404" time="0.053" /><testcase classname="backend.tests.test_dwaarit_api.TestAdminProductCRUD" name="test_non_admin_cannot_create" time="0.319" /><testcase classname="backend.tests.test_dwaarit_api.TestAdminProductCRUD" name="test_unauthenticated_cannot_create" time="0.048" /><testcase classname="backend.tests.test_dwaarit_api.TestAdminProductCRUD" name="test_admin_create_get_update_delete" time="0.850" /><testcase classname="backend.tests.test_dwaarit_api.TestOrders" name="test_customer_create_order" time="0.098" /><testcase classname="backend.tests.test_dwaarit_api.TestOrders" name="test_create_order_unauth" time="0.046" /><testcase classname="backend.tests.test_dwaarit_api.TestOrders" name="test_list_my_orders_includes_created" time="0.050" /><testcase classname="backend.tests.test_dwaarit_api.TestOrders" name="test_customer_cannot_use_admin_orders" time="0.049" /><testcase classname="backend.tests.test_dwaarit_api.TestOrders" name="test_admin_list_all_orders" time="0.048" /><testcase classname="backend.tests.test_dwaarit_api.TestOrders" name="test_non_admin_cannot_change_status" time="0.052" /><testcase classname="backend.tests.test_dwaarit_api.TestOrders" name="test_admin_status_transitions" time="0.148" /><testcase classname="backend.tests.test_dwaarit_api.TestOrders" name="test_get_order_by_id_owner_ok" time="0.055" /><testcase classname="backend.tests.test_dwaarit_api.TestOrders" name="test_admin_status_404" time="0.054" /></testsuite></testsuites>