<?xml version="1.0" encoding="utf-8"?><testsuites name="pytest tests"><testsuite name="pytest" errors="0" failures="0" skipped="0" tests="50" time="8.393" timestamp="2026-06-01T20:20:49.122676+00:00" hostname="agent-env-096bc87f-a25e-4279-8f2f-682bf906ba61"><testcase classname="tests.test_admin_categories_products.TestCategories" name="test_default_categories_seeded" time="0.202" /><testcase classname="tests.test_admin_categories_products.TestCategories" name="test_admin_create_category_auto_slug" time="0.407" /><testcase classname="tests.test_admin_categories_products.TestCategories" name="test_customer_cannot_create_category" time="0.329" /><testcase classname="tests.test_admin_categories_products.TestCategories" name="test_unauth_cannot_create_category" time="0.054" /><testcase classname="tests.test_admin_categories_products.TestAdminProductFlow" name="test_full_flow_with_new_category" time="0.511" /><testcase classname="tests.test_dwaarit_api.TestHealth" name="test_health" time="0.134" /><testcase classname="tests.test_dwaarit_api.TestHealth" name="test_root" time="0.046" /><testcase classname="tests.test_dwaarit_api.TestAuth" name="test_signup_creates_customer" time="0.324" /><testcase classname="tests.test_dwaarit_api.TestAuth" name="test_signup_duplicate_email" time="0.049" /><testcase classname="tests.test_dwaarit_api.TestAuth" name="test_login_admin_role" time="0.271" /><testcase classname="tests.test_dwaarit_api.TestAuth" name="test_login_customer_role" time="0.273" /><testcase classname="tests.test_dwaarit_api.TestAuth" name="test_login_wrong_password" time="0.273" /><testcase classname="tests.test_dwaarit_api.TestAuth" name="test_me_requires_token" time="0.066" /><testcase classname="tests.test_dwaarit_api.TestProducts" name="test_list_products_public" time="0.054" /><testcase classname="tests.test_dwaarit_api.TestProducts" name="test_list_categories" time="0.053" /><testcase classname="tests.test_dwaarit_api.TestProducts" name="test_filter_by_category" time="0.051" /><testcase classname="tests.test_dwaarit_api.TestProducts" name="test_search_query" time="0.054" /><testcase classname="tests.test_dwaarit_api.TestProducts" name="test_get_product_by_id" time="0.113" /><testcase classname="tests.test_dwaarit_api.TestProducts" name="test_get_product_404" time="0.054" /><testcase classname="tests.test_dwaarit_api.TestAdminProductCRUD" name="test_non_admin_cannot_create" time="0.332" /><testcase classname="tests.test_dwaarit_api.TestAdminProductCRUD" name="test_unauthenticated_cannot_create" time="0.048" /><testcase classname="tests.test_dwaarit_api.TestAdminProductCRUD" name="test_admin_create_get_update_delete" time="0.886" /><testcase classname="tests.test_dwaarit_api.TestOrders" name="test_customer_create_order" time="0.120" /><testcase classname="tests.test_dwaarit_api.TestOrders" name="test_create_order_unauth" time="0.059" /><testcase classname="tests.test_dwaarit_api.TestOrders" name="test_list_my_orders_includes_created" time="0.115" /><testcase classname="tests.test_dwaarit_api.TestOrders" name="test_customer_cannot_use_admin_orders" time="0.072" /><testcase classname="tests.test_dwaarit_api.TestOrders" name="test_admin_list_all_orders" time="0.058" /><testcase classname="tests.test_dwaarit_api.TestOrders" name="test_non_admin_cannot_change_status" time="0.059" /><testcase classname="tests.test_dwaarit_api.TestOrders" name="test_admin_status_transitions" time="0.154" /><testcase classname="tests.test_dwaarit_api.TestOrders" name="test_get_order_by_id_owner_ok" time="0.052" /><testcase classname="tests.test_dwaarit_api.TestOrders" name="test_admin_status_404" time="0.056" /><testcase classname="tests.test_phase34_wallet_payments_invoice.TestAuthBaseline" name="test_customer_login" time="0.388" /><testcase classname="tests.test_phase34_wallet_payments_invoice.TestPaymentsConfig" name="test_config_reports_mock_mode" time="0.050" /><testcase classname="tests.test_phase34_wallet_payments_invoice.TestWalletBaseline" name="test_get_wallet_returns_shape" time="0.345" /><testcase classname="tests.test_phase34_wallet_payments_invoice.TestWalletBaseline" name="test_wallet_requires_auth" time="0.057" /><testcase classname="tests.test_phase34_wallet_payments_invoice.TestWalletTopupViaRazorpayMock" name="test_step_1_create_order_in_mock_mode" time="0.083" /><testcase classname="tests.test_phase34_wallet_payments_invoice.TestWalletTopupViaRazorpayMock" name="test_step_2_verify_credits_wallet" time="0.114" /><testcase classname="tests.test_phase34_wallet_payments_invoice.TestWalletTopupViaRazorpayMock" name="test_step_3_balance_and_txn_persisted" time="0.052" /><testcase classname="tests.test_phase34_wallet_payments_invoice.TestWalletTopupViaRazorpayMock" name="test_step_4_verify_is_idempotent" time="0.102" /><testcase classname="tests.test_phase34_wallet_payments_invoice.TestOrdersWithPayments" name="test_place_order_wallet_partial" time="0.243" /><testcase classname="tests.test_phase34_wallet_payments_invoice.TestOrdersWithPayments" name="test_place_order_razorpay_mock_paid" time="0.254" /><testcase classname="tests.test_phase34_wallet_payments_invoice.TestOrdersWithPayments" name="test_place_order_cod" time="0.106" /><testcase classname="tests.test_phase34_wallet_payments_invoice.TestOrderDetailAndInvoice" name="test_list_orders_contains_created" time="0.062" /><testcase classname="tests.test_phase34_wallet_payments_invoice.TestOrderDetailAndInvoice" name="test_order_detail_returns_full_doc" time="0.052" /><testcase classname="tests.test_phase34_wallet_payments_invoice.TestOrderDetailAndInvoice" name="test_invoice_schema" time="0.052" /><testcase classname="tests.test_phase34_wallet_payments_invoice.TestOrderDetailAndInvoice" name="test_invoice_unauth_401" time="0.051" /><testcase classname="tests.test_phase34_wallet_payments_invoice.TestOrderDetailAndInvoice" name="test_invoice_other_user_403" time="0.326" /><testcase classname="tests.test_phase34_wallet_payments_invoice.TestOrderDetailAndInvoice" name="test_invoice_admin_can_read" time="0.324" /><testcase classname="tests.test_phase34_wallet_payments_invoice.TestAdminCancelRefund" name="test_admin_cancel_wallet_paid_order_credits_refund" time="0.225" /><testcase classname="tests.test_phase34_wallet_payments_invoice.TestAdminCancelRefund" name="test_admin_cannot_be_invoked_by_customer" time="0.051" /></testsuite></testsuites>